Added Component: Designator=1k(RESC2013X60X35ML10T20)
Add component (AddParameter): Name = "Manufacturer"; Value = "Yageo"; VariantName = "[No Variations]"
Add component (AddParameter): Name = "Part Number"; Value = "RC0805JR-131KL"; VariantName = "[No Variations]"
Add Component: Footprint Not Found SW2_5R6_5R5x3R1
Added Component: Designator=C1(CAPC2013X145X48NL20T23)
Added Component: Designator=C2(CAPC2013X145X48NL20T23)
Added Component: Designator=C3(CAPC2013X145X48NL20T23)
Add Component: Footprint Not Found 0603C
Added Component: Designator=C5(CAPC2013X145X48NL20T23)
Added Component: Designator=C6(CAPC2013X145X48NL20T23)
Added Component: Designator=C7(CAPC2013X100X45LL15T25)
Added Component: Designator=C8(CAPC2013X100X45LL15T25)
Added Component: Designator=C9(FP-C2012-125-IPC_B)
Added Component: Designator=C10(FP-C2012-125-IPC_B)
Added Component: Designator=C11(FP-C5750-200-0_4-IPC_A)
Added Component: Designator=C12(FP-C5750-200-0_4-IPC_A)
Added Component: Designator=D1(FP-6_541-5056_01-4-MFG)
Add component (AddParameter): Name = "Ambient Temperature Range High"; Value = "+100°C"; VariantName = "[No Variations]"
Add component (AddParameter): Name = "Ambient Temperature Range Low"; Value = "-40°C"; VariantName = "[No Variations]"
Add component (AddParameter): Name = "Automotive"; Value = "Yes"; VariantName = "[No Variations]"
Add component (AddParameter): Name = "Automotive Grade"; Value = "Grade 3"; VariantName = "[No Variations]"
Add component (AddParameter): Name = "Category"; Value = "Diode"; VariantName = "[No Variations]"
Add component (AddParameter): Name = "Colour"; Value = "Pure green"; VariantName = "[No Variations]"
Add component (AddParameter): Name = "ComponentLink2Description"; Value = "Datasheet"; VariantName = "[No Variations]"
Add component (AddParameter): Name = "ComponentLink2URL"; Value = "http://www.vishay.com/docs/83173/tlmb1100.pdf"; VariantName = "[No Variations]"
Add component (AddParameter): Name = "Device Class L1"; Value = "Optoelectronics"; VariantName = "[No Variations]"
Add component (AddParameter): Name = "Device Class L2"; Value = "LEDs"; VariantName = "[No Variations]"
Add component (AddParameter): Name = "Device Class L3"; Value = "unset"; VariantName = "[No Variations]"
Add component (AddParameter): Name = "Digikey Description"; Value = "LED GREEN 0603 SMD"; VariantName = "[No Variations]"
Add component (AddParameter): Name = "Forward Current"; Value = "20mA"; VariantName = "[No Variations]"
Add component (AddParameter): Name = "Forward Voltage"; Value = "2.1V"; VariantName = "[No Variations]"
Add component (AddParameter): Name = "Height"; Value = "0.65mm"; VariantName = "[No Variations]"
Add component (AddParameter): Name = "Lead Free"; Value = "Yes"; VariantName = "[No Variations]"
Add component (AddParameter): Name = "Led Orientation"; Value = "Top View"; VariantName = "[No Variations]"
Add component (AddParameter): Name = "Luminous Intensity"; Value = "15mcd"; VariantName = "[No Variations]"
Add component (AddParameter): Name = "Manufacturer"; Value = "Vishay"; VariantName = "[No Variations]"
Add component (AddParameter): Name = "Manufacturer Part Number"; Value = "TLMP1100-GS08"; VariantName = "[No Variations]"
Add component (AddParameter): Name = "Max Junction Temp"; Value = "+120°C"; VariantName = "[No Variations]"
Add component (AddParameter): Name = "Mouser Description"; Value = "Standard LEDs - SMD Pure Green"; VariantName = "[No Variations]"
Add component (AddParameter): Name = "Octopart"; Value = "https://octopart.com/tlmp1100-gs08-vishay-55433993"; VariantName = "[No Variations]"
Add component (AddParameter): Name = "Package"; Value = "6.541-5056.01-4"; VariantName = "[No Variations]"
Add component (AddParameter): Name = "Peak Emmision Wavelength"; Value = "562nm"; VariantName = "[No Variations]"
Add component (AddParameter): Name = "Power Dissipation"; Value = "90mW"; VariantName = "[No Variations]"
Add component (AddParameter): Name = "Reverse Voltage"; Value = "6V"; VariantName = "[No Variations]"
Add component (AddParameter): Name = "RoHS"; Value = "TRUE"; VariantName = "[No Variations]"
Add component (AddParameter): Name = "Temperature"; Value = "to +120°C"; VariantName = "[No Variations]"
Add component (AddParameter): Name = "Temperature Range High"; Value = "+120°C"; VariantName = "[No Variations]"
Add component (AddParameter): Name = "Viewing Angle"; Value = "160°"; VariantName = "[No Variations]"
Add component (AddParameter): Name = "Wavelength"; Value = "561nm"; VariantName = "[No Variations]"
Added Component: Designator=D2(FP-6_541-5056_01-4-MFG)
Added Component: Designator=D3(ONSC-SMB-2-403A-03_H_V)
Added Component: Designator=D4(ONSC-AXIAL_LEAD-2-267-05_V)
Added Component: Designator=J1(PHOE-1725656-2)
Add Component: Footprint Not Found 0603L
Added Component: Designator=LS1(ABSM-1574)
Add component (AddParameter): Name = "ComponentLink1Description"; Value = "Manufacturer Link"; VariantName = "[No Variations]"
Add component (AddParameter): Name = "ComponentLink1URL"; Value = "http://www.megastar.com/linecard/buzzmode/index.php"; VariantName = "[No Variations]"
Add component (AddParameter): Name = "DatasheetVersion"; Value = "17-Dec-2003"; VariantName = "[No Variations]"
Add component (AddParameter): Name = "LatestRevisionDate"; Value = "17-Dec-2003"; VariantName = "[No Variations]"
Add component (AddParameter): Name = "LatestRevisionNote"; Value = "Schematic revised, PCB Footprint replaced."; VariantName = "[No Variations]"
Add component (AddParameter): Name = "PackageDescription"; Value = "Magnetic Transducer Buzzer"; VariantName = "[No Variations]"
Add component (AddParameter): Name = "PackageReference"; Value = "ABSM-1574"; VariantName = "[No Variations]"
Add component (AddParameter): Name = "Published"; Value = "24-Mar-1999"; VariantName = "[No Variations]"
Add component (AddParameter): Name = "Publisher"; Value = "Altium Limited"; VariantName = "[No Variations]"
Add Component: Footprint Not Found 0603R
Added Component: Designator=R2(RESC2013X60X35ML10T20)
Add component (AddParameter): Name = "Manufacturer"; Value = "Yageo"; VariantName = "[No Variations]"
Add component (AddParameter): Name = "Part Number"; Value = "RC0805JR-131KL"; VariantName = "[No Variations]"
Add Component: Footprint Not Found SB_0603
Add Component: Footprint Not Found SB_0603
Add Component: Footprint Not Found SB_0603
Add Component: Footprint Not Found SB_0603
Add Component: Footprint Not Found SB_0603
Add Component: Footprint Not Found SB_0603
Add Component: Footprint Not Found SB_0603
Add Component: Footprint Not Found SB_0603
Add Component: Footprint Not Found SB_0603
Add Component: Footprint Not Found SB_0603
Add Component: Footprint Not Found SB_0603
Add Component: Footprint Not Found FP-UFQFPN32-A0B8-IPC_C
Add Component: Footprint Not Found SOT-223
Add Component: Footprint Not Found DFN6_0R95_3x3_TP
Add Component: Footprint Not Found XTAL_2SM_3R2X1R5
Added Net: Name=+3V3
Added Pin To Net: NetName=+5V Pin=1k-2
Added Net: Name=+5V
Added Net: Name=AVDD
Added Net: Name=BOOT0
Added Net: Name=E5V
Added Pin To Net: NetName=GND Pin=D1-1
Added Pin To Net: NetName=GND Pin=LS1-1
Added Pin To Net: NetName=GND Pin=LS1-1A
Added Net: Name=GND
Added Pin To Net: NetName=Net1k_1 Pin=1k-1
Added Net: Name=Net1k_1
Added Net: Name=NetC7_2
Added Net: Name=NetC8_2
Added Pin To Net: NetName=NetD1_2 Pin=D1-2
Added Pin To Net: NetName=NetD1_2 Pin=R2-2
Added Net: Name=NetD1_2
Added Net: Name=NetL1_2
Added Net: Name=NetSB1_1
Added Net: Name=NetSB2_2
Added Net: Name=NetSB3_1
Added Net: Name=NetSB4_1
Added Net: Name=NetSB5_2
Added Net: Name=NetSB9_2
Added Net: Name=NetU1_8
Added Net: Name=NRST
Added Net: Name=PA3
Added Net: Name=PA4
Added Pin To Net: NetName=PA5 Pin=LS1-2
Added Pin To Net: NetName=PA5 Pin=LS1-2A
Added Net: Name=PA5
Added Net: Name=PA6
Added Net: Name=PA9
Added Net: Name=PA10
Added Net: Name=PA13
Added Net: Name=PA14
Added Net: Name=PA15
Added Net: Name=PB0
Added Net: Name=PB1
Added Pin To Net: NetName=PB3 Pin=R2-1
Added Net: Name=PB3
Added Net: Name=PB4
Added Net: Name=PB5
Added Net: Name=PB6
Added Net: Name=PF0
Added Net: Name=PF1
Added Net: Name=U5V_ST_LINK
Added Net: Name=VDD
Added Net: Name=VIN
Added Net: Name=VO
