Add Pin To Net: Unknown Pin: Pin BUZZ-28
Add Pin To Net: Unknown Pin: Pin H1-0
Add Pin To Net: Unknown Pin: Pin H1-1
Add Pin To Net: Unknown Pin: Pin H1-4
Add Pin To Net: Unknown Pin: Pin H1-5
Add Pin To Net: Unknown Pin: Pin H1-8
Add Pin To Net: Unknown Pin: Pin H1-14
Add Pin To Net: Unknown Pin: Pin H2-0
Add Pin To Net: Unknown Pin: Pin H2-1
Add Pin To Net: Unknown Pin: Pin H2-6
Add Pin To Net: Unknown Pin: Pin H2-7
Add Pin To Net: Unknown Pin: Pin H2-8
Add Pin To Net: Unknown Pin: Pin H2-9
Add Pin To Net: Unknown Pin: Pin H2-14
Add Pin To Net: Unknown Pin: Pin H3-24
Add Pin To Net: Unknown Pin: Pin H3-25
Add Pin To Net: Unknown Pin: Pin H4-24
Add Pin To Net: Unknown Pin: Pin H4-25
Add Pin To Net: Unknown Pin: Pin H5-24
Add Pin To Net: Unknown Pin: Pin H5-25
Add Pin To Net: Unknown Pin: Pin H6-24
Add Pin To Net: Unknown Pin: Pin H6-25
Add Pin To Net: Unknown Pin: Pin R1-27
Add Pin To Net: Unknown Pin: Pin R2-27
Add Pin To Net: Unknown Pin: Pin R3-27
Add Pin To Net: Unknown Pin: Pin R4-27
Added Net: Name=BUZGND
Added Net: Name=restoled
