Add Pin To Net: Unknown Pin: Pin BUZZ-29
Add Pin To Net: Unknown Pin: Pin D1-20
Add Pin To Net: Unknown Pin: Pin D1-21
Add Pin To Net: Unknown Pin: Pin D2-22
Add Pin To Net: Unknown Pin: Pin D2-23
Add Pin To Net: Unknown Pin: Pin D3-18
Add Pin To Net: Unknown Pin: Pin D3-19
Add Pin To Net: Unknown Pin: Pin D4-20
Add Pin To Net: Unknown Pin: Pin D4-21
Add Pin To Net: Unknown Pin: Pin H1-0
Add Pin To Net: Unknown Pin: Pin H1-1
Add Pin To Net: Unknown Pin: Pin H1-3
Add Pin To Net: Unknown Pin: Pin H1-5
Add Pin To Net: Unknown Pin: Pin H1-8
Add Pin To Net: Unknown Pin: Pin H1-14
Add Pin To Net: Unknown Pin: Pin H2-0
Add Pin To Net: Unknown Pin: Pin H2-1
Add Pin To Net: Unknown Pin: Pin H2-14
Add Pin To Net: Unknown Pin: Pin H3-24
Add Pin To Net: Unknown Pin: Pin H3-25
Add Pin To Net: Unknown Pin: Pin H4-24
Add Pin To Net: Unknown Pin: Pin H4-25
Add Pin To Net: Unknown Pin: Pin H5-24
Add Pin To Net: Unknown Pin: Pin H5-25
Add Pin To Net: Unknown Pin: Pin H6-24
Add Pin To Net: Unknown Pin: Pin H6-25
Add Pin To Net: Unknown Pin: Pin R1-26
Add Pin To Net: Unknown Pin: Pin R2-26
Add Pin To Net: Unknown Pin: Pin R3-26
Add Pin To Net: Unknown Pin: Pin R4-26
Added Net: Name=Bl_LED
Added Net: Name=CON_LED
Added Net: Name=Red_LED
Added Net: Name=uCtoBUZZ
Added Net: Name=YEL_LED
